"../../../../../../GitHub/petitcon12/Project/Content/Assets/Freezer/Default/SK_Freezer_Physics.uasset" 0
"../../../../../../GitHub/petitcon12/Project/Content/Assets/Freezer/Default/Texture/T_Freezer_Transparent_Normal.uasset" 1
"../../../../../../GitHub/petitcon12/Project/Content/Assets/Stone/Texture/02_INST.uasset" 2
"../../../../../../GitHub/petitcon12/Project/Content/Assets/Stone/Texture/03_INST.uasset" 3
"../../../../../../GitHub/petitcon12/Project/Content/Assets/Stone/Texture/04_INST.uasset" 4
"../../../../../../GitHub/petitcon12/Project/Content/Assets/Stone/Texture/05_INST.uasset" 5
"../../../../../../GitHub/petitcon12/Project/Content/Assets/Stone/Texture/06_INST.uasset" 6
"../../../../../../GitHub/petitcon12/Project/Content/Assets/Stone/Texture/Stone.uasset" 7
"../../../../../../GitHub/petitcon12/Project/Content/Assets/Stone/Texture/Stone_INST.uasset" 8
"../../../../../../GitHub/petitcon12/Project/Content/Assets/Stone/Texture/Stone_INST_basecolor.uasset" 9
"../../../../../../GitHub/petitcon12/Project/Content/Assets/Stone/Texture/Stone_INST_metallic.uasset" 10
"../../../../../../GitHub/petitcon12/Project/Content/Assets/Stone/Texture/Stone_INST_normal.uasset" 11
"../../../../../../GitHub/petitcon12/Project/Content/Assets/Stone/Texture/Stone_INST_roughness.uasset" 12
"../../../../../../GitHub/petitcon12/Project/Content/Assets/Stone/Material/M_Stone.uasset" 13
"../../../../../../GitHub/petitcon12/Project/Content/Assets/Stone/Texture/02_INST_basecolor.uasset" 14
"../../../../../../GitHub/petitcon12/Project/Content/Assets/Stone/Material/M_Stone_Inst.uasset" 15
"../../../Engine/Content/Functions/Engine_MaterialFunctions01/Opacity/CameraDepthFade.uasset" 16
"../../../Engine/Content/EngineMaterials/T_Default_Material_Grid_M.uasset" 17
"../../../Engine/Content/EngineMaterials/T_Default_Material_Grid_N.uasset" 18
"../../../Engine/Content/EngineMaterials/WorldGridMaterial.uasset" 19
"../../../../../../GitHub/petitcon12/Project/Content/Assets/Stone/StaticMesh/SM_Stone_02.uasset" 20
"../../../../../../GitHub/petitcon12/Project/Content/Assets/Stone/StaticMesh/SM_Stone_03.uasset" 21
"../../../../../../GitHub/petitcon12/Project/Content/Assets/Stone/StaticMesh/SM_Stone_04.uasset" 22
"../../../../../../GitHub/petitcon12/Project/Content/Assets/Stone/StaticMesh/SM_Stone_05.uasset" 23
"../../../../../../GitHub/petitcon12/Project/Content/Assets/Stone/StaticMesh/SM_Stone_06.uasset" 24
"../../../../../../GitHub/petitcon12/Project/Content/Assets/Stone/StaticMesh/SM_Stone_07.uasset" 25
"../../../../../../GitHub/petitcon12/Project/Content/Assets/Stone/StaticMesh/SM_Stone_08.uasset" 26
"../../../../../../GitHub/petitcon12/Project/Content/Assets/Stone/Texture/03_INST_basecolor.uasset" 27
"../../../../../../GitHub/petitcon12/Project/Content/Assets/Stone/Texture/04_INST_basecolor.uasset" 28
"../../../../../../GitHub/petitcon12/Project/Content/Assets/Stone/Texture/05_INST_basecolor.uasset" 29
"../../../../../../GitHub/petitcon12/Project/Content/Assets/Stone/Texture/06_INST_basecolor.uasset" 30
"../../../../../../GitHub/petitcon12/Project/Content/Assets/Tree/Tree/Texture/T_Leaf_BaseColor.uasset" 31
"../../../../../../GitHub/petitcon12/Project/Content/Assets/Tree/Tree/Texture/T_Leaf_Normal.uasset" 32
"../../../../../../GitHub/petitcon12/Project/Content/Assets/Tree/Tree/Texture/T_Leaf_OcclusionRoughnessMetallic.uasset" 33
"../../../../../../GitHub/petitcon12/Project/Content/Assets/Tree/Tree/Material/M_TreeLeaf_STOP.uasset" 34
"../../../../../../GitHub/petitcon12/Project/Content/Assets/Weater/Texture/weater.uasset" 35
"../../../../../../GitHub/petitcon12/Project/Content/Assets/Weater/Texture/weater_INST.uasset" 36
"../../../../../../GitHub/petitcon12/Project/Content/Assets/Weater/Texture/weater_INST_metallic.uasset" 37
"../../../../../../GitHub/petitcon12/Project/Content/Assets/Weater/Texture/weater_INST_roughness.uasset" 38
"../../../../../../GitHub/petitcon12/Project/Content/Font/ipagp.uasset" 39
"../../../../../../GitHub/petitcon12/Project/Content/Font/ipagp_Font.uasset" 40
"../../../../../../GitHub/petitcon12/Project/Content/Font/Widget_FontTest.uasset" 41
"../../../../../../GitHub/petitcon12/Project/Content/LandScapeMaterial/Lawn_INST.uasset" 42
"../../../../../../GitHub/petitcon12/Project/Content/LandScapeMaterial/Sandy_INST.uasset" 43
"../../../../../../GitHub/petitcon12/Project/Content/LandScapeMaterial/Landscape.uasset" 44
"../../../../../../GitHub/petitcon12/Project/Content/LandScapeMaterial/Cliff_INST.uasset" 45
"../../../../../../GitHub/petitcon12/Project/Content/LandScapeMaterial/Cliff_INST_ambientocclusion.uasset" 46
"../../../../../../GitHub/petitcon12/Project/Content/LandScapeMaterial/Cliff_INST_metallic.uasset" 47
"../../../../../../GitHub/petitcon12/Project/Content/LandScapeMaterial/Lawn_INST_AO.uasset" 48
"../../../../../../GitHub/petitcon12/Project/Content/LandScapeMaterial/Lawn_INST_metallic.uasset" 49
"../../../../../../GitHub/petitcon12/Project/Content/LandScapeMaterial/Sandy_INST_AO.uasset" 50
"../../../../../../GitHub/petitcon12/Project/Content/LandScapeMaterial/Sandy_INST_metallic.uasset" 51
"../../../../../../GitHub/petitcon12/Project/Content/Assets/Freezer/Default/Freezer_Skeleton.uasset" 52
"../../../../../../GitHub/petitcon12/Project/Content/Assets/Freezer/Default/Freezer_Anim.uasset" 53
"../../../Engine/Content/EditorBlueprintResources/StandardMacros.uasset" 54
"../../../../../../GitHub/petitcon12/Project/Content/Assets/Freezer/Individual/Icon/T_Freezer_Individual_Body_Bottom.uasset" 55
"../../../../../../GitHub/petitcon12/Project/Content/Assets/Freezer/Individual/Icon/T_Freezer_Individual_Body_Top.uasset" 56
"../../../../../../GitHub/petitcon12/Project/Content/Assets/Freezer/Individual/Icon/T_Freezer_Individual_Door_Bottom.uasset" 57
"../../../../../../GitHub/petitcon12/Project/Content/Assets/Freezer/Individual/Icon/T_Freezer_Individual_Door_Top.uasset" 58
"../../../../../../GitHub/petitcon12/Project/Content/Assets/Freezer/Individual/Icon/T_Freezer_Individual_Hand_Bottom.uasset" 59
"../../../../../../GitHub/petitcon12/Project/Content/Assets/Freezer/Individual/Icon/T_Freezer_Individual_Hand_Top.uasset" 60
"../../../../../../GitHub/petitcon12/Project/Content/Assets/Freezer/Default/Texture/T_Freezer_Rust_BaseColor.uasset" 61
"../../../../../../GitHub/petitcon12/Project/Content/Assets/Freezer/Default/Texture/T_Freezer_Rust_Normal.uasset" 62
"../../../../../../GitHub/petitcon12/Project/Content/Assets/Freezer/Default/Texture/T_Freezer_Rust_OcclusionRoughnessMetallic.uasset" 63
"../../../../../../GitHub/petitcon12/Project/Content/Assets/Freezer/Default/M_Freezer_Rust.uasset" 64
"../../../../../../GitHub/petitcon12/Project/Content/Assets/Freezer/Individual/StaticMesh/SM_Freezer_Individual_Body_Bottom.uasset" 65
"../../../../../../GitHub/petitcon12/Project/Content/Assets/Freezer/Individual/StaticMesh/SM_Freezer_Individual_Body_Top.uasset" 66
"../../../../../../GitHub/petitcon12/Project/Content/Assets/Freezer/Individual/StaticMesh/SM_Freezer_Individual_Door_Bottom.uasset" 67
"../../../../../../GitHub/petitcon12/Project/Content/Assets/Freezer/Individual/StaticMesh/SM_Freezer_Individual_Door_Top.uasset" 68
"../../../../../../GitHub/petitcon12/Project/Content/Assets/Freezer/Individual/StaticMesh/SM_Freezer_Individual_Hand_Bottom.uasset" 69
"../../../../../../GitHub/petitcon12/Project/Content/Assets/Freezer/Individual/StaticMesh/SM_Freezer_Individual_Hand_Top.uasset" 70
"../../../../../../GitHub/petitcon12/Project/Content/Assets/Freezer/Individual/IndividualStruct.uasset" 71
"../../../../../../GitHub/petitcon12/Project/Content/PolarBear/PolarBear_Skeleton.uasset" 72
"../../../../../../GitHub/petitcon12/Project/Content/PolarBear/jump.uasset" 73
"../../../../../../GitHub/petitcon12/Project/Content/PolarBear/JumpBefore.uasset" 74
"../../../../../../GitHub/petitcon12/Project/Content/PolarBear/Landing.uasset" 75
"../../../../../../GitHub/petitcon12/Project/Content/PolarBear/WaitingAction.uasset" 76
"../../../../../../GitHub/petitcon12/Project/Content/PolarBear/Waking.uasset" 77
"../../../../../../GitHub/petitcon12/Project/Content/PolarBear/WaitingToWalking.uasset" 78
"../../../../../../GitHub/petitcon12/Project/Content/PolarBear/PolarBear_Skeleton_AnimBlueprint.uasset" 79
"../../../../../../GitHub/petitcon12/Project/Content/Assets/Signboard/Signboard_UI/E.uasset" 80
"../../../../../../GitHub/petitcon12/Project/Content/Assets/Signboard/Signboard_UI/FreezerRustIcon.uasset" 81
"../../../../../../GitHub/petitcon12/Project/Content/Assets/Signboard/Signboard_UI/SignboardUI.uasset" 82
"../../../../../../GitHub/petitcon12/Project/Content/Assets/Signboard/Signboard_UI/SignboardUI_INST.uasset" 83
"../../../../../../GitHub/petitcon12/Project/Content/Assets/Signboard/Signboard_UI/SignboardUI_INST_basecolor.uasset" 84
"../../../../../../GitHub/petitcon12/Project/Content/Assets/Signboard/Signboard_UI/SPACE.uasset" 85
"../../../../../../GitHub/petitcon12/Project/Content/Assets/Signboard/Signboard_UI/tab.uasset" 86
"../../../../../../GitHub/petitcon12/Project/Content/Assets/Signboard/Signboard_UI/WASD.uasset" 87
"../../../../../../GitHub/petitcon12/Project/Content/Widget/Widget_Signboard.uasset" 88
"../../../../../../GitHub/petitcon12/Project/Content/Assets/Signboard/Texture/T_Signboard_BaseColor.uasset" 89
"../../../../../../GitHub/petitcon12/Project/Content/Assets/Signboard/Texture/T_Signboard_Normal.uasset" 90
"../../../../../../GitHub/petitcon12/Project/Content/Assets/Signboard/Texture/T_Signboard_OcclusionRoughnessMetallic.uasset" 91
"../../../../../../GitHub/petitcon12/Project/Content/Assets/Signboard/M_Signboard.uasset" 92
"../../../../../../GitHub/petitcon12/Project/Content/Assets/Signboard/Signboard.uasset" 93
"../../../../../../GitHub/petitcon12/Project/Content/Assets/Signboard/Signboard_UI/Y.uasset" 94
"../../../../../../GitHub/petitcon12/Project/Content/Widget/Widget_Ykey.uasset" 95
"../../../../../../GitHub/petitcon12/Project/Content/Assets/Signboard/Signboard_BP.uasset" 96
"../../../../../../GitHub/petitcon12/Project/Content/Widget/UI_Item/scanmode.uasset" 97
"../../../../../../GitHub/petitcon12/Project/Content/Widget/UI_Item/CustomDepth.uasset" 98
"../../../../../../GitHub/petitcon12/Project/Content/Widget/UI_Item/CustomDepth_Inst.uasset" 99
"../../../../../../GitHub/petitcon12/Project/Content/Widget/UI_Item/findingmode.uasset" 100
"../../../../../../GitHub/petitcon12/Project/Content/Assets/Freezer/Individual/Icon/T_Freezer_Individual_Overlay.uasset" 101
"../../../../../../GitHub/petitcon12/Project/Content/Widget/UI_Item/ItemTextureSelectFunction.uasset" 102
"../../../../../../GitHub/petitcon12/Project/Content/Widget/UI_Item/UI.uasset" 103
"../../../../../../GitHub/petitcon12/Project/Content/PolarBear/material/white/white_black_AO.uasset" 104
"../../../../../../GitHub/petitcon12/Project/Content/PolarBear/material/white/white_black_BaseColor.uasset" 105
"../../../../../../GitHub/petitcon12/Project/Content/PolarBear/material/white/white_black_Normal.uasset" 106
"../../../../../../GitHub/petitcon12/Project/Content/PolarBear/material/white/white_black_OcclusionRoughnessMetallic.uasset" 107
"../../../../../../GitHub/petitcon12/Project/Content/PolarBear/material/white/white_black.uasset" 108
"../../../../../../GitHub/petitcon12/Project/Content/PolarBear/material/white/white_eye_BaseColor.uasset" 109
"../../../../../../GitHub/petitcon12/Project/Content/PolarBear/material/white/white_eye_Normal.uasset" 110
"../../../../../../GitHub/petitcon12/Project/Content/PolarBear/material/white/white_eye_OcclusionRoughnessMetallic.uasset" 111
"../../../../../../GitHub/petitcon12/Project/Content/PolarBear/material/white/white_eye.uasset" 112
"../../../../../../GitHub/petitcon12/Project/Content/PolarBear/material/white/white_siro_BaseColor.uasset" 113
"../../../../../../GitHub/petitcon12/Project/Content/PolarBear/material/white/white_siro_Normal.uasset" 114
"../../../../../../GitHub/petitcon12/Project/Content/PolarBear/material/white/white_siro_OcclusionRoughnessMetallic.uasset" 115
"../../../../../../GitHub/petitcon12/Project/Content/PolarBear/material/white/white_siro.uasset" 116
"../../../../../../GitHub/petitcon12/Project/Content/PolarBear/material/white/white_siro_Inst.uasset" 117
"../../../../../../GitHub/petitcon12/Project/Content/PolarBear/PolarBear_Physics.uasset" 118
"../../../../../../GitHub/petitcon12/Project/Content/PolarBear/PolarBear.uasset" 119
"../../../../../../GitHub/petitcon12/Project/Content/PolarBear/PolarBearCharacter.uasset" 120
"../../../../../../GitHub/petitcon12/Project/Content/Assets/Freezer/Default/SM_Freezer_Rust.uasset" 121
"../../../../../../GitHub/petitcon12/Project/Content/Widget/UI_Item/nextstage.uasset" 122
"../../../../../../GitHub/petitcon12/Project/Content/Assets/Freezer/Default/BP_FreezerRust.uasset" 123
"../../Plugins/FX/Niagara/Content/DefaultAssets/DefaultSpriteMaterial.uasset" 124
"../../Plugins/FX/Niagara/Content/Enums/ENiagaraRandomnessMode.uasset" 125
"../../Plugins/FX/Niagara/Content/Functions/RandomRange.uasset" 126
"../../Plugins/FX/Niagara/Content/DynamicInputs/UniformRange/UniformRangedFloat.uasset" 127
"../../Plugins/FX/Niagara/Content/DynamicInputs/ValueFromCurve/ColorFromCurve.uasset" 128
"../../Plugins/FX/Niagara/Content/Functions/Localspace/ParticleOwnerPosition.uasset" 129
"../../Plugins/FX/Niagara/Content/Functions/Emitter/EmitterChangeState.uasset" 130
"../../Plugins/FX/Niagara/Content/Modules/Emitter/EmitterLifeCycle.uasset" 131
"../../Plugins/FX/Niagara/Content/Modules/Emitter/SpawnBurst_Instantaneous.uasset" 132
"../../Plugins/FX/Niagara/Content/Functions/DirectionAndLengthSafe.uasset" 133
"../../Plugins/FX/Niagara/Content/Functions/Rotation/AxisAngleToQuaternion.uasset" 134
"../../Plugins/FX/Niagara/Content/Functions/Rotation/MultiplyQuaternion.uasset" 135
"../../Plugins/FX/Niagara/Content/Modules/Solvers/SolveForcesAndVelocity.uasset" 136
"../../Plugins/FX/Niagara/Content/Modules/Spawn/Initialization/InitializeParticle.uasset" 137
"../../Plugins/FX/Niagara/Content/Enums/ENiagaraCoordinateSpace.uasset" 138
"../../Plugins/FX/Niagara/Content/Functions/Localspace/ENiagaraCoordinateSpace.uasset" 139
"../../Plugins/FX/Niagara/Content/Functions/Localspace/TransformBase.uasset" 140
"../../Plugins/FX/Niagara/Content/Functions/Localspace/TransformVector.uasset" 141
"../../Plugins/FX/Niagara/Content/Functions/Math/RemapValueRange.uasset" 142
"../../Plugins/FX/Niagara/Content/Functions/PolarToCartesianCoordinates.uasset" 143
"../../Plugins/FX/Niagara/Content/Functions/RandomVectorInCone.uasset" 144
"../../Plugins/FX/Niagara/Content/Functions/Rotation/FindQuatBetween.uasset" 145
"../../Plugins/FX/Niagara/Content/Functions/Rotation/MultiplyVectorWithQuaternion.uasset" 146
"../../Plugins/FX/Niagara/Content/Modules/Spawn/Velocity/AddVelocityInCone.uasset" 147
"../../Plugins/FX/Niagara/Content/Modules/Update/Color/Color.uasset" 148
"../../Plugins/FX/Niagara/Content/Modules/Update/Forces/DragForce.uasset" 149
"../../Plugins/FX/Niagara/Content/Functions/Localspace/NF_TransformVector.uasset" 150
"../../Plugins/FX/Niagara/Content/Modules/Update/Forces/GravityForce.uasset" 151
"../../Plugins/FX/Niagara/Content/Modules/Update/Lifetime/UpdateAge.uasset" 152
"../../Plugins/FX/Niagara/Content/Enums/ENiagaraMassByVolume.uasset" 153
"../../Plugins/FX/Niagara/Content/Modules/Update/Forces/ENiagaraMassByVolume.uasset" 154
"../../Plugins/FX/Niagara/Content/Modules/Update/Mass/CalculateSizeByMass.uasset" 155
"../../Plugins/FX/Niagara/Content/Modules/Update/Size/SpriteSizeScaleByVelocity.uasset" 156
"../../../../../../GitHub/petitcon12/Project/Content/Niagara/Niagara_Freezer.uasset" 157
"../../Plugins/FX/Niagara/Content/Functions/System/SystemChangeState.uasset" 158
"../../Plugins/FX/Niagara/Content/Modules/System/SystemLifeCycle.uasset" 159
"../../../../../../GitHub/petitcon12/Project/Content/Niagara/Niagara_Freezer_System.uasset" 160
"../../../../../../GitHub/petitcon12/Project/Content/PolarBear/material/yellow/yellow_black_BaseColor.uasset" 161
"../../../../../../GitHub/petitcon12/Project/Content/PolarBear/material/yellow/yellow_black_Normal.uasset" 162
"../../../../../../GitHub/petitcon12/Project/Content/PolarBear/material/yellow/yellow_black_OcclusionRoughnessMetallic.uasset" 163
"../../../../../../GitHub/petitcon12/Project/Content/PolarBear/material/yellow/yellow_black.uasset" 164
"../../../../../../GitHub/petitcon12/Project/Content/PolarBear/material/yellow/yellow_eye_BaseColor.uasset" 165
"../../../../../../GitHub/petitcon12/Project/Content/PolarBear/material/yellow/yellow_eye_Normal.uasset" 166
"../../../../../../GitHub/petitcon12/Project/Content/PolarBear/material/yellow/yellow_eye_OcclusionRoughnessMetallic.uasset" 167
"../../../../../../GitHub/petitcon12/Project/Content/PolarBear/material/yellow/yellow_eye.uasset" 168
"../../../../../../GitHub/petitcon12/Project/Content/PolarBear/material/yellow/yellow_siro_AO.uasset" 169
"../../../../../../GitHub/petitcon12/Project/Content/PolarBear/material/yellow/yellow_siro_BaseColor.uasset" 170
"../../../../../../GitHub/petitcon12/Project/Content/PolarBear/material/yellow/yellow_siro_Normal.uasset" 171
"../../../../../../GitHub/petitcon12/Project/Content/PolarBear/material/yellow/yellow_siro_OcclusionRoughnessMetallic.uasset" 172
"../../../../../../GitHub/petitcon12/Project/Content/PolarBear/material/yellow/yellow_siro.uasset" 173
"../../../../../../GitHub/petitcon12/Project/Content/PolarBear/PolarBear2.uasset" 174
"../../../../../../GitHub/petitcon12/Project/Content/LevelseSquence/Clear.uasset" 175
"../../../../../../GitHub/petitcon12/Project/Content/Sounds/avalanche1.uasset" 176
"../../../../../../GitHub/petitcon12/Project/Content/Sounds/walk-snow1.uasset" 177
"../../../../../../GitHub/petitcon12/Project/Content/Sounds/wind1.uasset" 178
"../../../../../../GitHub/petitcon12/Project/Content/Sounds/wind2.uasset" 179
"../../../../../../GitHub/petitcon12/Project/Content/LevelseSquence/snow.uasset" 180
"../../../../../../GitHub/petitcon12/Project/Content/PolarBear/PolarBearGameMode.uasset" 181
"../../../../../../GitHub/petitcon12/Project/Content/PolarBear/material/fur.uasset" 182
"../../../../../../GitHub/petitcon12/Project/Content/PolarBear/material/fur_INST.uasset" 183
"../../../../../../GitHub/petitcon12/Project/Content/PolarBear/material/fur_INST_height.uasset" 184
"../../../../../../GitHub/petitcon12/Project/Content/PolarBear/material/white/white_siro_AO.uasset" 185
"../../../../../../GitHub/petitcon12/Project/Content/PolarBear/material/yellow/yellow_black_AO.uasset" 186
"../../../../../../GitHub/petitcon12/Project/Content/PolarBear/material/yellow/yellow_siro_Inst.uasset" 187
"../../../Engine/Content/Animation/DefaultAnimCurveCompressionSettings.uasset" 188
"../../../Engine/Content/ArtTools/RenderToTexture/Meshes/S_1_Unit_Plane.uasset" 189
"../../../Engine/Content/EngineMaterials/DefaultMaterial.uasset" 190
"../../../Engine/Content/BasicShapes/Cone.uasset" 191
"../../../Engine/Content/BasicShapes/Cube.uasset" 192
"../../../Engine/Content/BasicShapes/Cylinder.uasset" 193
"../../../Engine/Content/BasicShapes/Plane.uasset" 194
"../../../Engine/Content/BasicShapes/Sphere.uasset" 195
"../../../Engine/Content/EditorMaterials/GizmoMaterial.uasset" 196
"../../../Engine/Content/EditorMaterials/MAT_Groups_Toggle.uasset" 197
"../../../Engine/Content/EditorMaterials/MAT_Groups_Visibility.uasset" 198
"../../../Engine/Content/EditorMaterials/PreviewShadowIndicator.uasset" 199
"../../../Engine/Content/EditorMaterials/PreviewShadowIndicatorMaterial.uasset" 200
"../../../Engine/Content/EditorMaterials/MatineeGroups/MAT_ColorTrack.uasset" 201
"../../../Engine/Content/EditorMaterials/MatineeGroups/MAT_Groups_Anim.uasset" 202
"../../../Engine/Content/EditorMaterials/MatineeGroups/MAT_Groups_AudioMaster.uasset" 203
"../../../Engine/Content/EditorMaterials/MatineeGroups/MAT_Groups_Director.uasset" 204
"../../../Engine/Content/EditorMaterials/MatineeGroups/MAT_Groups_Event.uasset" 205
"../../../Engine/Content/EditorMaterials/MatineeGroups/MAT_Groups_Fade.uasset" 206
"../../../Engine/Content/EditorMaterials/MatineeGroups/MAT_Groups_Float.uasset" 207
"../../../Engine/Content/EditorMaterials/MatineeGroups/MAT_Groups_Move.uasset" 208
"../../../Engine/Content/EditorMaterials/MatineeGroups/MAT_Groups_Slomo.uasset" 209
"../../../Engine/Content/EditorMaterials/MatineeGroups/MAT_Groups_Sound.uasset" 210
"../../../Engine/Content/EditorMaterials/MatineeGroups/MAT_Groups_Vector.uasset" 211
"../../../Engine/Content/EditorMaterials/ParticleSystems/PSysThumbnail_NoImage.uasset" 212
"../../../Engine/Content/EditorMaterials/ParticleSystems/PSysThumbnail_OOD.uasset" 213
"../../../Engine/Content/EditorMaterials/Camera/CineMat.uasset" 214
"../../../Engine/Content/EditorMaterials/Camera/MI_CineMat_Rig.uasset" 215
"../../../Engine/Content/EditorMeshes/Camera/SM_CraneRig_Arm.uasset" 216
"../../../Engine/Content/EditorMeshes/Camera/SM_CraneRig_Base.uasset" 217
"../../../Engine/Content/EditorMeshes/Camera/SM_CraneRig_Body.uasset" 218
"../../../Engine/Content/EditorMeshes/Camera/SM_CraneRig_Mount.uasset" 219
"../../../Engine/Content/EditorMeshes/Camera/SM_RailRig_Mount.uasset" 220
"../../../Engine/Content/EditorMeshes/Camera/SM_RailRig_Track.uasset" 221
"../../../Engine/Content/EditorResources/BSPVertex.uasset" 222
"../../../Engine/Content/EditorResources/EmptyActor.uasset" 223
"../../../Engine/Content/EditorResources/S_Actor.uasset" 224
"../../../Engine/Content/EditorResources/S_Note.uasset" 225
"../../../Engine/Content/EditorResources/S_Trigger.uasset" 226
"../../../Engine/Content/EditorResources/LightIcons/S_LightError.uasset" 227
"../../../Engine/Content/EditorResources/SequenceRecorder/Countdown.uasset" 228
"../../../Engine/Content/EditorResources/SequenceRecorder/RecordingIndicator.uasset" 229
"../../../Engine/Content/EditorSounds/Notifications/CompileFailed.uasset" 230
"../../../Engine/Content/EditorSounds/Notifications/CompileFailed_Cue.uasset" 231
"../../../Engine/Content/EditorSounds/Notifications/CompileSuccess.uasset" 232
"../../../Engine/Content/EditorSounds/Notifications/CompileStart_Cue.uasset" 233
"../../../Engine/Content/EditorSounds/Notifications/CompileSuccess_Cue.uasset" 234
"../../../Engine/Content/EngineDamageTypes/DmgTypeBP_Environmental.uasset" 235
"../../../Engine/Content/EngineDebugMaterials/HeatmapGradient.uasset" 236
"../../../Engine/Content/EngineDebugMaterials/BoneWeightMaterial.uasset" 237
"../../../Engine/Content/EngineDebugMaterials/ClothMaterial.uasset" 238
"../../../Engine/Content/EngineDebugMaterials/ClothMaterial_WF.uasset" 239
"../../../Engine/Content/EngineDebugMaterials/DebugEditorMaterial.uasset" 240
"../../../Engine/Content/EngineDebugMaterials/DebugMeshMaterial.uasset" 241
"../../../Engine/Content/EngineDebugMaterials/GeomMaterial.uasset" 242
"../../../Engine/Content/EngineDebugMaterials/M_SimpleTranslucent.uasset" 243
"../../../Engine/Content/EngineFonts/Faces/RobotoBold.uasset" 244
"../../../Engine/Content/EngineFonts/Faces/RobotoBoldItalic.uasset" 245
"../../../Engine/Content/EngineFonts/Faces/RobotoItalic.uasset" 246
"../../../Engine/Content/EngineFonts/Faces/RobotoLight.uasset" 247
"../../../Engine/Content/EngineFonts/Faces/RobotoRegular.uasset" 248
"../../../Engine/Content/EngineFonts/Roboto.uasset" 249
"../../../Engine/Content/EngineFonts/Faces/RobotoTiny.uasset" 250
"../../../Engine/Content/EngineFonts/RobotoTiny.uasset" 251
"../../../Engine/Content/EngineMaterials/BaseFlattenDiffuseMap.uasset" 252
"../../../Engine/Content/EngineMaterials/BaseFlattenEmissiveMap.uasset" 253
"../../../Engine/Content/EngineMaterials/BaseFlattenGrayscaleMap.uasset" 254
"../../../Engine/Content/EngineMaterials/BaseFlattenNormalMap.uasset" 255
"../../../Engine/Content/EngineMaterials/BaseFlattenMaterial.uasset" 256
"../../../Engine/Content/EngineMaterials/DefaultBloomKernel.uasset" 257
"../../../Engine/Content/EngineMaterials/DefaultBokeh.uasset" 258
"../../../Engine/Content/EngineMaterials/DefaultDiffuse.uasset" 259
"../../../Engine/Content/EngineMaterials/DefaultDeferredDecalMaterial.uasset" 260
"../../../Engine/Content/EngineMaterials/DefaultLightFunctionMaterial.uasset" 261
"../../../Engine/Content/Functions/Engine_MaterialFunctions02/Utility/BreakOutFloat2Components.uasset" 262
"../../../Engine/Content/EngineMaterials/DefaultPostProcessMaterial.uasset" 263
"../../../Engine/Content/EngineFonts/RobotoDistanceField.uasset" 264
"../../../Engine/Content/EngineMaterials/DefaultTextMaterialOpaque.uasset" 265
"../../../Engine/Content/EngineMaterials/DefaultWhiteGrid.uasset" 266
"../../../Engine/Content/EngineMaterials/EditorBrushMaterial.uasset" 267
"../../../Engine/Content/EngineMaterials/Good64x64TilingNoiseHighFreq.uasset" 268
"../../../Engine/Content/EngineMaterials/MiniFont.uasset" 269
"../../../Engine/Content/EngineMaterials/InvalidLightmapSettings.uasset" 270
"../../../Engine/Content/EngineMaterials/M_InvalidLightmapSettings.uasset" 271
"../../../Engine/Content/Functions/Engine_MaterialFunctions02/WorldPositionOffset/CameraOffset.uasset" 272
"../../../Engine/Content/EngineMaterials/PhAT_JointLimitMaterial.uasset" 273
"../../../Engine/Content/EngineMaterials/PreintegratedSkinBRDF.uasset" 274
"../../../Engine/Content/EngineMaterials/RemoveSurfaceMaterial.uasset" 275
"../../../Engine/Content/EngineMaterials/WeightMapPlaceholderTexture.uasset" 276
"../../../Engine/Content/EngineResources/WhiteSquareTexture.uasset" 277
"../../../Engine/Content/EngineMaterials/Widget3DPassThrough.uasset" 278
"../../../Engine/Content/EngineMaterials/Widget3DPassThrough_Masked.uasset" 279
"../../../Engine/Content/EngineMaterials/Widget3DPassThrough_Opaque.uasset" 280
"../../../Engine/Content/EngineMaterials/Widget3DPassThrough_Masked_OneSided.uasset" 281
"../../../Engine/Content/EngineMaterials/Widget3DPassThrough_Opaque_OneSided.uasset" 282
"../../../Engine/Content/EngineMaterials/Widget3DPassThrough_Translucent.uasset" 283
"../../../Engine/Content/EngineMaterials/Widget3DPassThrough_Translucent_OneSided.uasset" 284
"../../../Engine/Content/EngineMeshes/Cylinder.uasset" 285
"../../../Engine/Content/EngineMeshes/Sphere.uasset" 286
"../../../Engine/Content/EngineResources/Black.uasset" 287
"../../../Engine/Content/EngineResources/DefaultTexture.uasset" 288
"../../../Engine/Content/EngineResources/DefaultTextureCube.uasset" 289
"../../../Engine/Content/EngineResources/DefaultVolumeTexture2D.uasset" 290
"../../../Engine/Content/EngineResources/DefaultVolumeTexture.uasset" 291
"../../../Engine/Content/EngineResources/GradientTexture0.uasset" 292
"../../../Engine/Content/EngineSounds/Master.uasset" 293
"../../../Engine/Content/Functions/Engine_MaterialFunctions01/Shading/ConvertFromDiffSpec.uasset" 294
"../../../Engine/Content/Functions/Engine_MaterialFunctions01/Shading/PowerToRoughness.uasset" 295
"../../../Engine/Content/Maps/Templates/Thumbnails/Default.uasset" 296
"../../../Engine/Content/Maps/Templates/Thumbnails/VR-Basic.uasset" 297
"../../../Engine/Content/MobileResources/T_MobileControls_texture.uasset" 298
"../../../Engine/Content/MobileResources/T_MobileMenu2.uasset" 299
"../../../Engine/Content/MobileResources/HUD/AnalogHat.uasset" 300
"../../../Engine/Content/MobileResources/HUD/VirtualJoystick_Background.uasset" 301
"../../../Engine/Content/MobileResources/HUD/VirtualJoystick_Thumb.uasset" 302
"../../../Engine/Content/MobileResources/HUD/DefaultVirtualJoysticks.uasset" 303
"../../../Engine/Content/MobileResources/HUD/LeftVirtualJoystickOnly.uasset" 304
"../../../Engine/Content/MobileResources/HUD/MobileHUDButton1_off.uasset" 305
"../../../Engine/Content/MobileResources/HUD/MobileHUDButton1_on.uasset" 306
"../../../Engine/Content/MobileResources/HUD/MobileHUDButton2_off.uasset" 307
"../../../Engine/Content/MobileResources/HUD/MobileHUDButton2_on.uasset" 308
"../../../Engine/Content/MobileResources/HUD/MobileHUDButton3.uasset" 309
"../../../Engine/Content/MobileResources/HUD/MobileHUDButtonFire.uasset" 310
"../../../Engine/Content/MobileResources/HUD/MobileHUDDirectionPad.uasset" 311
"../../../Engine/Content/MobileResources/HUD/MobileHUDDirectionPad2.uasset" 312
"../../../Engine/Content/MobileResources/HUD/MobileHUDDirectionPad3.uasset" 313
"../../../Engine/Content/MobileResources/HUD/MobileHUDDirectionStick.uasset" 314
"../../../Engine/Content/MobileResources/HUD/T_Castle_ThumbstickInner.uasset" 315
"../../../Engine/Content/MobileResources/HUD/T_Castle_ThumbstickOutter.uasset" 316
"../../../Engine/Content/Tutorial/ContentIntroCurve.uasset" 317
"../../../Engine/Content/Tutorial/Basics/LevelEditorAttract.uasset" 318
"../../../Engine/Content/Tutorial/Installation/InstallingVisualStudioTutorial.uasset" 319
"../../../Engine/Content/Tutorial/Mobile/TutorialAssets/android_Icon.uasset" 320
"../../../Engine/Content/Tutorial/Mobile/SettingUpAndroidTutorial.uasset" 321
"../../../Engine/Content/VREditor/LaserPointer/VR_LaserPower_01.uasset" 322
"../../../Engine/Content/VREditor/TransformGizmo/TransformGizmoMaterial.uasset" 323
"../../../Engine/Content/VREditor/TransformGizmo/TranslucentTransformGizmoMaterial.uasset" 324
"../../../Engine/Content/VREditor/TransformGizmo/BoundingBoxCorner.uasset" 325
"../../../Engine/Content/VREditor/TransformGizmo/BoundingBoxEdge.uasset" 326
"../../../Engine/Content/VREditor/TransformGizmo/PlaneTranslationHandle.uasset" 327
"../../../Engine/Content/VREditor/TransformGizmo/Main.uasset" 328
"../../../Engine/Content/VREditor/TransformGizmo/Xray.uasset" 329
"../../../Engine/Content/VREditor/TransformGizmo/SM_Sequencer_Key.uasset" 330
"../../../Engine/Content/VREditor/TransformGizmo/SM_Sequencer_Node.uasset" 331
"../../Plugins/2D/Paper2D/Content/PlaceholderTextures/DummySpriteTexture.uasset" 332
"../../Plugins/2D/Paper2D/Content/DummySprite.uasset" 333
"../../Plugins/2D/Paper2D/Content/DefaultPaperTerrainMaterial.uasset" 334
"../../Plugins/2D/Paper2D/Content/DummySpriteTexture.uasset" 335
"../../Plugins/2D/Paper2D/Content/DefaultSpriteMaterial.uasset" 336
"../../Plugins/2D/Paper2D/Content/MaskedUnlitSpriteMaterial.uasset" 337
"../../Plugins/2D/Paper2D/Content/OpaqueUnlitSpriteMaterial.uasset" 338
"../../Plugins/FX/Niagara/Content/Enums/ENiagaraBooleanLogicOps.uasset" 339
"../../Plugins/FX/Niagara/Content/Enums/ENiagaraOrientationAxis.uasset" 340
"../../Plugins/Runtime/Oculus/OculusVR/Content/OculusMR_RenderTarget.uasset" 341
"../../../Engine/Content/Functions/Engine_MaterialFunctions02/Utility/BreakOutFloat4Components.uasset" 342
"../../../Engine/Content/Functions/Engine_MaterialFunctions02/Utility/MakeFloat2.uasset" 343
"../../../Engine/Content/Functions/Engine_MaterialFunctions02/Utility/MakeFloat3.uasset" 344
"../../Plugins/Runtime/Oculus/OculusVR/Content/Materials/OculusMR_ChromaKey.uasset" 345
"../../Plugins/Runtime/Oculus/OculusVR/Content/Materials/OculusMR_ChromaKey_Lit.uasset" 346
"../../Plugins/Runtime/Oculus/OculusVR/Content/Materials/OculusMR_OpaqueColoredMaterial.uasset" 347
"../../Plugins/Runtime/Oculus/OculusVR/Content/Materials/OculusMR_WhiteMaterial.uasset" 348
"../../Plugins/Runtime/Oculus/OculusVR/Content/Materials/PokeAHoleMaterial.uasset" 349
"../../Plugins/Runtime/Oculus/OculusVR/Content/Textures/GearVRController_AO.uasset" 350
"../../Plugins/Runtime/Oculus/OculusVR/Content/Textures/GearVRController_Color.uasset" 351
"../../Plugins/Runtime/Oculus/OculusVR/Content/Textures/GearVRController_Normal.uasset" 352
"../../Plugins/Runtime/Oculus/OculusVR/Content/Materials/GearVRControllerMaterial.uasset" 353
"../../Plugins/Runtime/Oculus/OculusVR/Content/Meshes/GearVrController.uasset" 354
"../../Plugins/Runtime/Oculus/OculusVR/Content/Textures/touchController_albedo.uasset" 355
"../../Plugins/Runtime/Oculus/OculusVR/Content/Textures/touchController_controlmap.uasset" 356
"../../Plugins/Runtime/Oculus/OculusVR/Content/Materials/touchController_mat.uasset" 357
"../../Plugins/Runtime/Oculus/OculusVR/Content/Meshes/LeftTouchController.uasset" 358
"../../Plugins/Runtime/Oculus/OculusVR/Content/Meshes/RiftHMD.uasset" 359
"../../Plugins/Runtime/Oculus/OculusVR/Content/Meshes/RightTouchController.uasset" 360
"../../../../../../GitHub/petitcon12/Project/Content/Maps/GameTitle.uasset" 361
"../../../../../../GitHub/petitcon12/Project/Content/Widget/Widget_Title.uasset" 362
"../../../../../../GitHub/petitcon12/Project/Content/Maps/MainTitle.umap" 363
"../../../Engine/Content/EngineSky/C_Sky_Cloud_Color.uasset" 364
"../../../Engine/Content/EngineSky/C_Sky_Horizon_Color.uasset" 365
"../../../Engine/Content/EngineSky/C_Sky_Zenith_Color.uasset" 366
"../../../Engine/Content/EngineSky/T_Sky_Blue.uasset" 367
"../../../Engine/Content/EngineSky/T_Sky_Clouds_M.uasset" 368
"../../../Engine/Content/EngineSky/T_Sky_Stars.uasset" 369
"../../../Engine/Content/EngineSky/M_Sky_Panning_Clouds2.uasset" 370
"../../../Engine/Content/EngineSky/SM_SkySphere.uasset" 371
"../../../Engine/Content/EngineSky/BP_Sky_Sphere.uasset" 372
"../../../../../../GitHub/petitcon12/Project/Content/Maps/opening_BuiltData.uasset" 373
"../../../../../../GitHub/petitcon12/Project/Content/Assets/Snow/Snow.uasset" 374
"../../../../../../GitHub/petitcon12/Project/Content/Assets/Snow/snow_INST.uasset" 375
"../../../../../../GitHub/petitcon12/Project/Content/Assets/Snow/snow_INST_AO.uasset" 376
"../../../../../../GitHub/petitcon12/Project/Content/Assets/Snow/snow_INST_basecolor.uasset" 377
"../../../../../../GitHub/petitcon12/Project/Content/Assets/Snow/snow_INST_metallic.uasset" 378
"../../../../../../GitHub/petitcon12/Project/Content/Assets/Snow/snow_INST_normal.uasset" 379
"../../../../../../GitHub/petitcon12/Project/Content/Assets/Snow/snow_INST_roughness.uasset" 380
"../../../../../../GitHub/petitcon12/Project/Content/Assets/Snow/m_snow.uasset" 381
"../../../Engine/Content/Functions/Engine_MaterialFunctions03/Procedurals/NormalFromHeightmap.uasset" 382
"../../../../../../GitHub/petitcon12/Project/Content/Assets/Weater/Texture/weater_INST_basecolor.uasset" 383
"../../../../../../GitHub/petitcon12/Project/Content/Assets/Weater/Texture/weater_INST_normal.uasset" 384
"../../../../../../GitHub/petitcon12/Project/Content/Assets/Weater/M_Weater.uasset" 385
"../../../../../../GitHub/petitcon12/Project/Content/Assets/Weater/M_Weater_Inst.uasset" 386
"../../Plugins/FX/Niagara/Content/DynamicInputs/Angles/NormalizedAngleToDegrees.uasset" 387
"../../Plugins/FX/Niagara/Content/Modules/Emitter/SpawnRate.uasset" 388
"../../Plugins/FX/Niagara/Content/Functions/RandomPointInSphere.uasset" 389
"../../Plugins/FX/Niagara/Content/Enums/ENiagaraExpansionMode.uasset" 390
"../../Plugins/FX/Niagara/Content/Modules/Spawn/Location/SphereLocation.uasset" 391
"../../Plugins/FX/Niagara/Content/Functions/Localspace/TransformOffset.uasset" 392
"../../Plugins/FX/Niagara/Content/Modules/Spawn/Velocity/AddVelocity.uasset" 393
"../../../../../../GitHub/petitcon12/Project/Content/Niagara/Niagara_Snow.uasset" 394
"../../../../../../GitHub/petitcon12/Project/Content/Niagara/Niagara_Snow_System.uasset" 395
"../../../Engine/Content/EngineMaterials/DefaultPhysicalMaterial.uasset" 396
"../../../../../../GitHub/petitcon12/Project/Content/Assets/Stone/StaticMesh/SM_Stone_01.uasset" 397
"../../../../../../GitHub/petitcon12/Project/Content/Widget/UI_Item/OPSkip.uasset" 398
"../../../../../../GitHub/petitcon12/Project/Content/Maps/opening.umap" 399
"../../../../../../GitHub/petitcon12/Project/Content/Widget/UI_Item/gradient.uasset" 400
"../../../../../../GitHub/petitcon12/Project/Content/Widget/UI_Item/IndividualGet_UI.uasset" 401
"../../../../../../GitHub/petitcon12/Project/Content/Assets/Freezer/Individual/IndividualFunction.uasset" 402
"../../../../../../GitHub/petitcon12/Project/Content/Assets/Freezer/Individual/Blueprints/Body_Bottom.uasset" 403
"../../../../../../GitHub/petitcon12/Project/Content/Assets/Freezer/Individual/Blueprints/Body_Top.uasset" 404
"../../../../../../GitHub/petitcon12/Project/Content/Assets/Freezer/Individual/Blueprints/Door_Bottom.uasset" 405
"../../../../../../GitHub/petitcon12/Project/Content/Assets/Freezer/Individual/Blueprints/Door_Top.uasset" 406
"../../../../../../GitHub/petitcon12/Project/Content/Assets/Freezer/Individual/Blueprints/Hand_Bottom.uasset" 407
"../../../../../../GitHub/petitcon12/Project/Content/Assets/Freezer/Individual/Blueprints/Hand_Top.uasset" 408
"../../../Engine/Content/Functions/Engine_MaterialFunctions01/WorldPositionOffset/SimpleGrassWind.uasset" 409
"../../../../../../GitHub/petitcon12/Project/Content/Assets/Grass/Texture/T_Fern.uasset" 410
"../../../../../../GitHub/petitcon12/Project/Content/Assets/Grass/Material/M_Fern_Mobile.uasset" 411
"../../../../../../GitHub/petitcon12/Project/Content/Assets/Grass/Material/M_Fern_Mobile_Inst.uasset" 412
"../../../../../../GitHub/petitcon12/Project/Content/Assets/Grass/StaticMesh/SM_Fern_Mobile.uasset" 413
"../../../../../../GitHub/petitcon12/Project/Content/Assets/Grass/Texture/T_Grass1.uasset" 414
"../../../../../../GitHub/petitcon12/Project/Content/Assets/Grass/Material/M_Grass1_Mobile.uasset" 415
"../../../../../../GitHub/petitcon12/Project/Content/Assets/Grass/Material/M_Grass1_Mobile_Inst.uasset" 416
"../../../../../../GitHub/petitcon12/Project/Content/Assets/Grass/StaticMesh/SM_Grass1_Mobile.uasset" 417
"../../../../../../GitHub/petitcon12/Project/Content/Assets/Grass/Texture/T_Grass2.uasset" 418
"../../../../../../GitHub/petitcon12/Project/Content/Assets/Grass/Material/M_Grass2_Mobile.uasset" 419
"../../../../../../GitHub/petitcon12/Project/Content/Assets/Grass/StaticMesh/SM_Grass2_Mobile.uasset" 420
"../../../../../../GitHub/petitcon12/Project/Content/Assets/Grass/Texture/T_Grass3.uasset" 421
"../../../../../../GitHub/petitcon12/Project/Content/Assets/Grass/Material/M_Grass3_Mobile.uasset" 422
"../../../../../../GitHub/petitcon12/Project/Content/Assets/Grass/StaticMesh/SM_Grass3_Mobile.uasset" 423
"../../../../../../GitHub/petitcon12/Project/Content/LandScapeMaterial/LandscapeGrassType_LawnDark.uasset" 424
"../../../Engine/Content/EditorLandscapeResources/DataLayer.uasset" 425
"../../../../../../GitHub/petitcon12/Project/Content/Maps/Stage/01_sharedassets/CliffDark_LayerInfo.uasset" 426
"../../../../../../GitHub/petitcon12/Project/Content/Maps/Stage/01_sharedassets/CliffLight_LayerInfo.uasset" 427
"../../../../../../GitHub/petitcon12/Project/Content/Maps/Stage/01_sharedassets/LawnDark_LayerInfo.uasset" 428
"../../../../../../GitHub/petitcon12/Project/Content/Maps/Stage/01_sharedassets/LawnLight_LayerInfo.uasset" 429
"../../../../../../GitHub/petitcon12/Project/Content/Maps/Stage/01_sharedassets/SandyDark_LayerInfo.uasset" 430
"../../../../../../GitHub/petitcon12/Project/Content/Maps/Stage/01_sharedassets/SandyLight_LayerInfo.uasset" 431
"../../../../../../GitHub/petitcon12/Project/Content/Maps/Stage/01_BuiltData.uasset" 432
"../../../../../../GitHub/petitcon12/Project/Content/LandScapeMaterial/Cliff_INST_basecolor_CliffDark.uasset" 433
"../../../../../../GitHub/petitcon12/Project/Content/LandScapeMaterial/Cliff_INST_basecolor_CliffLight.uasset" 434
"../../../../../../GitHub/petitcon12/Project/Content/LandScapeMaterial/Cliff_INST_normal.uasset" 435
"../../../../../../GitHub/petitcon12/Project/Content/LandScapeMaterial/Cliff_INST_roughness.uasset" 436
"../../../../../../GitHub/petitcon12/Project/Content/LandScapeMaterial/Lawn_INST_basecolor_LawnDark.uasset" 437
"../../../../../../GitHub/petitcon12/Project/Content/LandScapeMaterial/Lawn_INST_basecolor_LawnLight.uasset" 438
"../../../../../../GitHub/petitcon12/Project/Content/LandScapeMaterial/Lawn_INST_normal.uasset" 439
"../../../../../../GitHub/petitcon12/Project/Content/LandScapeMaterial/Lawn_INST_roughness.uasset" 440
"../../../../../../GitHub/petitcon12/Project/Content/LandScapeMaterial/Sandy_INST_basecolor_SandyDark.uasset" 441
"../../../../../../GitHub/petitcon12/Project/Content/LandScapeMaterial/Sandy_INST_basecolor_SandyLight.uasset" 442
"../../../../../../GitHub/petitcon12/Project/Content/LandScapeMaterial/Sandy_INST_normal.uasset" 443
"../../../../../../GitHub/petitcon12/Project/Content/LandScapeMaterial/Sandy_INST_roughness.uasset" 444
"../../../../../../GitHub/petitcon12/Project/Content/LandScapeMaterial/LandScapeMaterial.uasset" 445
"../../../../../../GitHub/petitcon12/Project/Content/Assets/Freezer/Default/Texture/T_Freezer_Transparent_BaseColor.uasset" 446
"../../../../../../GitHub/petitcon12/Project/Content/Assets/Freezer/Default/Texture/T_Freezer_Transparent_OcclusionRoughnessMetallic.uasset" 447
"../../../../../../GitHub/petitcon12/Project/Content/Assets/Freezer/Default/M_Freezer_Transparent.uasset" 448
"../../../../../../GitHub/petitcon12/Project/Content/Assets/Freezer/Default/Texture/T_Freezer_White_BaseColor.uasset" 449
"../../../../../../GitHub/petitcon12/Project/Content/Assets/Freezer/Default/Texture/T_Freezer_White_Normal.uasset" 450
"../../../../../../GitHub/petitcon12/Project/Content/Assets/Freezer/Default/Texture/T_Freezer_White_OcclusionRoughnessMetallic.uasset" 451
"../../../../../../GitHub/petitcon12/Project/Content/Assets/Freezer/Default/M_Freezer_White.uasset" 452
"../../../../../../GitHub/petitcon12/Project/Content/Assets/Freezer/Default/SK_Freezer.uasset" 453
"../../../../../../GitHub/petitcon12/Project/Content/Assets/IcyRoad/IcyRoad.uasset" 454
"../../../../../../GitHub/petitcon12/Project/Content/Assets/IcyRoad/IcyRoad_INST.uasset" 455
"../../../../../../GitHub/petitcon12/Project/Content/Assets/IcyRoad/IcyRoad_INST_AO.uasset" 456
"../../../../../../GitHub/petitcon12/Project/Content/Assets/IcyRoad/IcyRoad_INST_basecolor.uasset" 457
"../../../../../../GitHub/petitcon12/Project/Content/Assets/IcyRoad/IcyRoad_INST_metallic.uasset" 458
"../../../../../../GitHub/petitcon12/Project/Content/Assets/IcyRoad/IcyRoad_INST_normal.uasset" 459
"../../../../../../GitHub/petitcon12/Project/Content/Assets/IcyRoad/IcyRoad_INST_roughness.uasset" 460
"../../../../../../GitHub/petitcon12/Project/Content/Assets/IcyRoad/IcyRoad_MAT.uasset" 461
"../../../../../../GitHub/petitcon12/Project/Content/Assets/IcyRoad/SM_IcyRoad.uasset" 462
"../../../../../../GitHub/petitcon12/Project/Content/Assets/Tree/Palm/Texture/PalmWood_INST.uasset" 463
"../../../../../../GitHub/petitcon12/Project/Content/Assets/Tree/Palm/Texture/Palm.uasset" 464
"../../../../../../GitHub/petitcon12/Project/Content/Assets/Tree/Palm/Texture/PalmCoconut_INST.uasset" 465
"../../../../../../GitHub/petitcon12/Project/Content/Assets/Tree/Palm/Texture/PalmCoconut_INST_ambientocclusion.uasset" 466
"../../../../../../GitHub/petitcon12/Project/Content/Assets/Tree/Palm/Texture/PalmCoconut_INST_basecolor.uasset" 467
"../../../../../../GitHub/petitcon12/Project/Content/Assets/Tree/Palm/Texture/PalmCoconut_INST_metallic.uasset" 468
"../../../../../../GitHub/petitcon12/Project/Content/Assets/Tree/Palm/Texture/PalmCoconut_INST_normal.uasset" 469
"../../../../../../GitHub/petitcon12/Project/Content/Assets/Tree/Palm/Texture/PalmCoconut_INST_roughness.uasset" 470
"../../../../../../GitHub/petitcon12/Project/Content/Assets/Tree/Palm/Material/M_PalmCoconut.uasset" 471
"../../../../../../GitHub/petitcon12/Project/Content/Assets/Tree/Palm/Texture/Palm_Leaf.uasset" 472
"../../../../../../GitHub/petitcon12/Project/Content/Assets/Tree/Palm/Material/M_PalmLeaf_STOP.uasset" 473
"../../../../../../GitHub/petitcon12/Project/Content/Assets/Tree/Palm/Texture/PalmWood_INST_ambientocclusion.uasset" 474
"../../../../../../GitHub/petitcon12/Project/Content/Assets/Tree/Palm/Texture/PalmWood_INST_basecolor.uasset" 475
"../../../../../../GitHub/petitcon12/Project/Content/Assets/Tree/Palm/Texture/PalmWood_INST_metallic.uasset" 476
"../../../../../../GitHub/petitcon12/Project/Content/Assets/Tree/Palm/Texture/PalmWood_INST_normal.uasset" 477
"../../../../../../GitHub/petitcon12/Project/Content/Assets/Tree/Palm/Texture/PalmWood_INST_roughness.uasset" 478
"../../../../../../GitHub/petitcon12/Project/Content/Assets/Tree/Palm/Material/M_PalmWood.uasset" 479
"../../../../../../GitHub/petitcon12/Project/Content/Assets/Tree/Palm/Material/M_PalmLeaf.uasset" 480
"../../../../../../GitHub/petitcon12/Project/Content/Assets/Tree/Palm/Material/M_Palm_Leaf_Inst.uasset" 481
"../../../../../../GitHub/petitcon12/Project/Content/Assets/Tree/Palm/SM_Palm.uasset" 482
"../../../../../../GitHub/petitcon12/Project/Content/Assets/Tree/Tree/Texture/T_Wood_BaseColor.uasset" 483
"../../../../../../GitHub/petitcon12/Project/Content/Assets/Tree/Tree/Texture/T_Wood_Normal.uasset" 484
"../../../../../../GitHub/petitcon12/Project/Content/Assets/Tree/Tree/Texture/T_Wood_OcclusionRoughnessMetallic.uasset" 485
"../../../../../../GitHub/petitcon12/Project/Content/Assets/Tree/Tree/Material/M_TreeWood.uasset" 486
"../../../../../../GitHub/petitcon12/Project/Content/Assets/Tree/Tree/Material/M_TreeLeaf.uasset" 487
"../../../../../../GitHub/petitcon12/Project/Content/Assets/Tree/Tree/Material/M_TreeLeaf_Inst.uasset" 488
"../../../../../../GitHub/petitcon12/Project/Content/Assets/Tree/Tree/SM_Tree.uasset" 489
"../../../../../../GitHub/petitcon12/Project/Content/Sounds/karuizawa-birds-1.uasset" 490
"../../../../../../GitHub/petitcon12/Project/Content/Maps/Stage/01.umap" 491
"../../../../../../GitHub/petitcon12/Project/Content/Maps/TestMaps/TestMap_BuiltData.uasset" 492
"../../../Engine/Content/MapTemplates/SM_Template_Map_Floor.uasset" 493
"../../../../../../GitHub/petitcon12/Project/Content/Maps/TestMaps/TestMap.umap" 494
"../../../../../../GitHub/petitcon12/Project/Content/Maps/TestMaps/WidgetTestMap.umap" 495
"../../../Engine/Content/Maps/Entry_BuiltData.uasset" 496
"../../../Engine/Content/Maps/Entry.umap" 497
